2019/05/06 16:03:39 Start......
2019/05/06 16:03:52 [::1]:53026 GET  /
2019/05/06 16:05:43 Start......
2019/05/06 16:05:49 [::1]:53035 GET  /
2019/05/06 16:10:35 Start......
2019/05/06 16:10:39 [::1]:53054 GET  /
2019/05/06 16:10:46 [::1]:53054 GET  /simple
2019/05/06 16:28:04 Start......
2019/05/06 16:28:09 [::1]:53103 GET  /simple
2019/05/06 16:28:12 [::1]:53103 GET  /log
2019/05/06 17:18:33 Start......
2019/05/06 17:18:42 [::1]:53727 GET  /log
2019/05/06 17:19:41 Start......
2019/05/06 17:19:45 [::1]:53733 GET  /log
2019/05/06 17:19:47 [::1]:53733 GET  /log
2019/05/06 17:19:49 [::1]:53733 GET  /log
2019/05/06 17:19:51 [::1]:53733 GET  /log
2019/05/06 17:19:52 [::1]:53733 GET  /log
2019/05/06 17:19:52 [::1]:53733 GET  /log
2019/05/06 17:19:53 [::1]:53733 GET  /log
2019/05/06 17:19:54 [::1]:53733 GET  /log
2019/05/06 17:19:55 [::1]:53733 GET  /log
2019/05/06 17:19:56 [::1]:53733 GET  /log
2019/05/06 17:19:57 [::1]:53733 GET  /log
2019/05/06 17:19:58 [::1]:53733 GET  /log
2019/05/06 17:19:59 [::1]:53733 GET  /log
2019/05/06 17:19:59 [::1]:53733 GET  /log
2019/05/06 17:20:01 [::1]:53733 GET  /log
2019/05/06 17:20:12 [::1]:53733 GET  /log
2019/05/06 17:20:16 [::1]:53733 GET  /log
2019/05/06 17:20:18 [::1]:53733 GET  /log
2019/05/06 17:20:19 [::1]:53733 GET  /log
2019/05/06 17:20:20 [::1]:53733 GET  /log
2019/05/06 17:20:22 [::1]:53733 GET  /log
2019/05/06 17:20:24 [::1]:53733 GET  /log
2019/05/06 17:20:25 [::1]:53733 GET  /log
2019/05/06 17:20:26 [::1]:53733 GET  /log
2019/05/06 17:20:27 [::1]:53733 GET  /log
2019/05/06 17:20:27 [::1]:53733 GET  /log
2019/05/06 17:20:28 [::1]:53733 GET  /log
2019/05/06 17:20:29 [::1]:53733 GET  /log
2019/05/06 17:20:29 [::1]:53733 GET  /log
2019/05/06 17:20:31 [::1]:53733 GET  /log
2019/05/06 17:20:32 [::1]:53733 GET  /log
2019/05/06 17:20:32 [::1]:53733 GET  /log
2019/05/06 17:20:33 [::1]:53733 GET  /log
2019/05/06 17:20:34 [::1]:53733 GET  /log
2019/05/07 09:49:14 Start......
2019/05/07 09:49:35 [::1]:54686 GET  /simple
2019/05/07 10:23:47 Start......
2019/05/07 10:24:10 [::1]:54907 GET  /log
2019/05/07 10:34:07 Start......
2019/05/07 10:34:12 [::1]:55040 GET  /log
2019/05/07 10:38:36 Start......
2019/05/07 10:38:44 [::1]:55226 GET  /log
2019/05/07 10:44:30 Start......
2019/05/07 10:44:34 [::1]:55253 GET  /log
2019/05/07 10:44:34 Authenticated from local
2019/05/07 14:13:57 Start......
2019/05/08 10:22:35 Start......
2019/05/09 18:01:07 Start......
2019/05/09 18:01:30 [::1]:56879 GET  /host/info
2019/05/09 18:01:30 Authenticated from local
2019/05/09 18:06:38 [::1]:56919 GET  /host/info
2019/05/09 18:06:38 Authenticated from local
2019/05/16 16:02:40 Start......
2019/05/16 16:03:13 [::1]:63965 GET  /
2019/05/16 16:03:13 Authenticated from local
2019/05/16 16:03:18 [::1]:63965 GET  /log
2019/05/16 16:03:18 Authenticated from local
2019/05/16 16:03:28 [::1]:63965 GET  /host/info
2019/05/16 16:03:28 Authenticated from local
2019/05/16 16:04:30 [::1]:63983 GET  /host/info
2019/05/16 16:04:30 Authenticated from local
2019/05/17 11:30:40 Start......
2019/05/17 11:32:02 [::1]:50118 GET  /host/info
2019/05/17 11:32:02 Authenticated from local
2019/05/17 11:32:35 [::1]:50124 GET  /host/info
2019/05/17 11:32:35 Authenticated from local
